<?xml version="1.0" encoding="UTF-8"?>
<testsuite name="ParserTest" tests="3" skipped="0" failures="0" errors="0" timestamp="2024-05-06T09:24:00" hostname="DESKTOP-PII79FH" time="0.071">
  <properties/>
  <testcase name="testSortByArea()" classname="ParserTest" time="0.039"/>
  <testcase name="testSortByName()" classname="ParserTest" time="0.014"/>
  <testcase name="testSortByPopulation()" classname="ParserTest" time="0.013"/>
  <system-out><![CDATA[]]></system-out>
  <system-err><![CDATA[]]></system-err>
</testsuite>
