<?xml version="1.0" encoding="UTF-8"?>
<testsuite name="ParserTest" tests="1" skipped="0" failures="0" errors="0" timestamp="2024-04-26T16:33:44" hostname="DESKTOP-PII79FH" time="0.021">
  <properties/>
  <testcase name="testSortByName()" classname="ParserTest" time="0.021"/>
  <system-out><![CDATA[]]></system-out>
  <system-err><![CDATA[]]></system-err>
</testsuite>
